distributed.nanny - INFO -         Start Nanny at: 'tcp://10.12.205.12:33882'
distributed.diskutils - INFO - Found stale lock file and directory '/glade/u/home/apinard/ldcpy/docs/source/notebooks/dask-worker-space/worker-wgs6fw06', purging
distributed.diskutils - INFO - Found stale lock file and directory '/glade/u/home/apinard/ldcpy/docs/source/notebooks/dask-worker-space/worker-p5pslmfk', purging
distributed.worker - INFO -       Start worker at:   tcp://10.12.205.12:44685
distributed.worker - INFO -          Listening to:   tcp://10.12.205.12:44685
distributed.worker - INFO -          dashboard at:         10.12.205.12:38364
distributed.worker - INFO - Waiting to connect to:   tcp://10.12.205.28:34399
distributed.worker - INFO - -------------------------------------------------
distributed.worker - INFO -               Threads:                          4
distributed.worker - INFO -                Memory:                   40.00 GB
distributed.worker - INFO -       Local Directory: /glade/u/home/apinard/ldcpy/docs/source/notebooks/dask-worker-space/worker-kncwvg7q
distributed.worker - INFO - -------------------------------------------------
distributed.worker - INFO -         Registered to:   tcp://10.12.205.28:34399
distributed.worker - INFO - -------------------------------------------------
distributed.core - INFO - Starting established connection
distributed.core - INFO - Event loop was unresponsive in Worker for 3.56s.  This is often caused by long-running GIL-holding functions or moving large chunks of data. This can cause timeouts and instability.
distributed.core - INFO - Event loop was unresponsive in Worker for 7.06s.  This is often caused by long-running GIL-holding functions or moving large chunks of data. This can cause timeouts and instability.
distributed.core - INFO - Event loop was unresponsive in Worker for 4.26s.  This is often caused by long-running GIL-holding functions or moving large chunks of data. This can cause timeouts and instability.
distributed.worker - ERROR - Worker stream died during communication: tcp://10.12.205.15:44293
Traceback (most recent call last):
  File "/ncar/usr/jupyterhub/envs/cmip6-201910/lib/python3.7/site-packages/distributed/comm/tcp.py", line 240, in write
    stream.write(b)
  File "/ncar/usr/jupyterhub/envs/cmip6-201910/lib/python3.7/site-packages/tornado/iostream.py", line 546, in write
    self._check_closed()
  File "/ncar/usr/jupyterhub/envs/cmip6-201910/lib/python3.7/site-packages/tornado/iostream.py", line 1035, in _check_closed
    raise StreamClosedError(real_error=self.error)
tornado.iostream.StreamClosedError: Stream is closed

During handling of the above exception, another exception occurred:

Traceback (most recent call last):
  File "/ncar/usr/jupyterhub/envs/cmip6-201910/lib/python3.7/site-packages/distributed/worker.py", line 1953, in gather_dep
    self.rpc, deps, worker, who=self.address
  File "/ncar/usr/jupyterhub/envs/cmip6-201910/lib/python3.7/site-packages/distributed/worker.py", line 3222, in get_data_from_worker
    return await retry_operation(_get_data, operation="get_data_from_worker")
  File "/ncar/usr/jupyterhub/envs/cmip6-201910/lib/python3.7/site-packages/distributed/utils_comm.py", line 391, in retry_operation
    operation=operation,
  File "/ncar/usr/jupyterhub/envs/cmip6-201910/lib/python3.7/site-packages/distributed/utils_comm.py", line 379, in retry
    return await coro()
  File "/ncar/usr/jupyterhub/envs/cmip6-201910/lib/python3.7/site-packages/distributed/worker.py", line 3217, in _get_data
    await comm.write("OK")
  File "/ncar/usr/jupyterhub/envs/cmip6-201910/lib/python3.7/site-packages/distributed/comm/tcp.py", line 255, in write
    convert_stream_closed_error(self, e)
  File "/ncar/usr/jupyterhub/envs/cmip6-201910/lib/python3.7/site-packages/distributed/comm/tcp.py", line 123, in convert_stream_closed_error
    raise CommClosedError("in %s: %s" % (obj, exc))
distributed.comm.core.CommClosedError: in <closed TCP>: Stream is closed
distributed.worker - INFO - Connection to scheduler broken.  Reconnecting...
distributed.worker - INFO - Stopping worker at tcp://10.12.205.12:44685
distributed.diskutils - ERROR - Failed to remove '/glade/u/home/apinard/ldcpy/docs/source/notebooks/dask-worker-space/worker-kncwvg7q' (failed in <built-in function lstat>): [Errno 2] No such file or directory: '/glade/u/home/apinard/ldcpy/docs/source/notebooks/dask-worker-space/worker-kncwvg7q'
distributed.nanny - INFO - Worker closed
distributed.nanny - INFO - Closing Nanny at 'tcp://10.12.205.12:33882'
distributed.dask_worker - INFO - End worker
